<?xml version="1.0" encoding="UTF-8"?>
<!-- Generated by org.testng.reporters.JUnitReportReporter -->
<testsuite hostname="02cd7523919c" failures="0" tests="9" name="com.pseudofunc.tests.vendorportal.VendorPortalTest" time="45.365" errors="0" timestamp="2024-05-16T12:12:11 GMT" skipped="0">
  <testcase classname="com.pseudofunc.tests.vendorportal.VendorPortalTest" name="loginTest" time="1.140"/>
  <testcase classname="com.pseudofunc.tests.vendorportal.VendorPortalTest" name="loginTest" time="1.418"/>
  <testcase classname="com.pseudofunc.tests.vendorportal.VendorPortalTest" name="logoutTest" time="18.048"/>
  <testcase classname="com.pseudofunc.tests.vendorportal.VendorPortalTest" name="dashboardTest" time="3.962"/>
  <testcase classname="com.pseudofunc.tests.vendorportal.VendorPortalTest" name="logoutTest" time="1.682"/>
  <testcase classname="com.pseudofunc.tests.vendorportal.VendorPortalTest" name="logoutTest" time="9.566"/>
  <testcase classname="com.pseudofunc.tests.vendorportal.VendorPortalTest" name="loginTest" time="1.405"/>
  <testcase classname="com.pseudofunc.tests.vendorportal.VendorPortalTest" name="dashboardTest" time="4.067"/>
  <testcase classname="com.pseudofunc.tests.vendorportal.VendorPortalTest" name="dashboardTest" time="4.077"/>
</testsuite> <!-- com.pseudofunc.tests.vendorportal.VendorPortalTest -->
