<?xml version="1.0" encoding="UTF-8"?>
<!-- Generated by org.testng.reporters.JUnitReportReporter -->
<testsuite hostname="527b0acc3348" failures="0" tests="20" name="com.pseudofunc.tests.flightreservation.FlightReservationTest" time="39.204" errors="0" timestamp="2024-05-16T12:12:08 GMT" skipped="0">
  <testcase classname="com.pseudofunc.tests.flightreservation.FlightReservationTest" name="registrationConfirmationTest" time="2.984"/>
  <testcase classname="com.pseudofunc.tests.flightreservation.FlightReservationTest" name="flightSearchTest" time="0.913"/>
  <testcase classname="com.pseudofunc.tests.flightreservation.FlightReservationTest" name="userRegistrationTest" time="1.993"/>
  <testcase classname="com.pseudofunc.tests.flightreservation.FlightReservationTest" name="flightSearchTest" time="2.633"/>
  <testcase classname="com.pseudofunc.tests.flightreservation.FlightReservationTest" name="flightReservationConfirmationTest" time="1.743"/>
  <testcase classname="com.pseudofunc.tests.flightreservation.FlightReservationTest" name="registrationConfirmationTest" time="1.909"/>
  <testcase classname="com.pseudofunc.tests.flightreservation.FlightReservationTest" name="userRegistrationTest" time="1.614"/>
  <testcase classname="com.pseudofunc.tests.flightreservation.FlightReservationTest" name="userRegistrationTest" time="1.542"/>
  <testcase classname="com.pseudofunc.tests.flightreservation.FlightReservationTest" name="flightReservationConfirmationTest" time="2.824"/>
  <testcase classname="com.pseudofunc.tests.flightreservation.FlightReservationTest" name="registrationConfirmationTest" time="2.393"/>
  <testcase classname="com.pseudofunc.tests.flightreservation.FlightReservationTest" name="flightSelectionTest" time="1.528"/>
  <testcase classname="com.pseudofunc.tests.flightreservation.FlightReservationTest" name="userRegistrationTest" time="1.993"/>
  <testcase classname="com.pseudofunc.tests.flightreservation.FlightReservationTest" name="flightSelectionTest" time="1.949"/>
  <testcase classname="com.pseudofunc.tests.flightreservation.FlightReservationTest" name="flightSelectionTest" time="0.824"/>
  <testcase classname="com.pseudofunc.tests.flightreservation.FlightReservationTest" name="registrationConfirmationTest" time="1.813"/>
  <testcase classname="com.pseudofunc.tests.flightreservation.FlightReservationTest" name="flightReservationConfirmationTest" time="2.866"/>
  <testcase classname="com.pseudofunc.tests.flightreservation.FlightReservationTest" name="flightSelectionTest" time="3.148"/>
  <testcase classname="com.pseudofunc.tests.flightreservation.FlightReservationTest" name="flightSearchTest" time="1.630"/>
  <testcase classname="com.pseudofunc.tests.flightreservation.FlightReservationTest" name="flightSearchTest" time="2.085"/>
  <testcase classname="com.pseudofunc.tests.flightreservation.FlightReservationTest" name="flightReservationConfirmationTest" time="0.820"/>
</testsuite> <!-- com.pseudofunc.tests.flightreservation.FlightReservationTest -->
